#
# A fatal error has been detected by the Java Runtime Environment:
#
#  SIGSEGV (0xb) at pc=0x000000012f07912f, pid=7825, tid=12843
#
# JRE version: Java(TM) SE Runtime Environment (8.0_25-b17) (build 1.8.0_25-b17)
# Java VM: Java HotSpot(TM) 64-Bit Server VM (25.25-b02 mixed mode bsd-amd64 compressed oops)
# Problematic frame:
# C  [librxtxSerial.jnilib+0x312f]  Java_gnu_io_RXTXPort_interruptEventLoop+0x6b
#
# Failed to write core dump. Core dumps have been disabled. To enable core dumping, try "ulimit -c unlimited" before starting Java again
#
# If you would like to submit a bug report, please visit:
#   http://bugreport.sun.com/bugreport/crash.jsp
# The crash happened outside the Java Virtual Machine in native code.
# See problematic frame for where to report the bug.
#

---------------  T H R E A D  ---------------

Current thread (0x00007fc7e40a8000):  JavaThread "Thread-1" [_thread_in_native, id=12843, stack(0x000000013117d000,0x000000013127d000)]

siginfo: si_signo: 11 (SIGSEGV), si_code: 1 (SEGV_MAPERR), si_addr: 0x00000001310f6868

Registers:
RAX=0x0000000000000000, RBX=0x00000001310f6700, RCX=0x00007fff9257c48a, RDX=0xffffffffffffffff
RSP=0x000000013127c7a0, RBP=0x000000013127c7b0, RSI=0x0000000000000000, RDI=0x000000000000003c
R8 =0x0000000000000000, R9 =0x0000000002faf080, R10=0x0000000000000001, R11=0x0000000000000247
R12=0x0000000000000020, R13=0x000000012909a9e8, R14=0x000000013127c830, R15=0x00007fc7e40a8000
RIP=0x000000012f07912f, EFLAGS=0x0000000000010206, ERR=0x0000000000000004
  TRAPNO=0x000000000000000e

Top of Stack: (sp=0x000000013127c7a0)
0x000000013127c7a0:   000000012909a9e8 0000000000000000
0x000000013127c7b0:   000000013127c810 000000010ff31694
0x000000013127c7c0:   000000010ff3d2a3 000000010ff313e2
0x000000013127c7d0:   000000013127c7d0 000000012909a9e8
0x000000013127c7e0:   000000013127c830 00000001290a5df8
0x000000013127c7f0:   0000000000000000 000000012909a9e8
0x000000013127c800:   0000000000000000 000000013127c830
0x000000013127c810:   000000013127c878 000000010ff2398d
0x000000013127c820:   0000000000000000 000000010ff2b2b8
0x000000013127c830:   000000076b07f9b8 000000013127c838
0x000000013127c840:   000000012909ae8f 000000013127c890
0x000000013127c850:   00000001290a5df8 0000000000000000
0x000000013127c860:   000000012909aef8 000000013127c830
0x000000013127c870:   000000013127c890 000000013127c8e8
0x000000013127c880:   000000010ff2398d 0000000000000000
0x000000013127c890:   000000076b07f9b8 0000000000000001
0x000000013127c8a0:   0000000000000000 000000013127c898
0x000000013127c8b0:   000000012909b8eb 000000013127c910
0x000000013127c8c0:   00000001290a5df8 0000000000000000
0x000000013127c8d0:   000000012909b950 000000013127c890
0x000000013127c8e0:   000000013127c910 000000013127c958
0x000000013127c8f0:   000000010ff2398d 0000000000000000
0x000000013127c900:   0000000000000000 000000076b07f9b8
0x000000013127c910:   000000076b07f9b8 000000013127c918
0x000000013127c920:   000000012908ff77 000000013127c968
0x000000013127c930:   00000001290b0ce0 0000000000000000
0x000000013127c940:   000000012908ff90 000000013127c910
0x000000013127c950:   000000013127c968 000000013127c9d0
0x000000013127c960:   000000010ff1c4e7 000000076b0fb668
0x000000013127c970:   0000000100001fa0 000000000000000a
0x000000013127c980:   00007fc7e40a8000 0000000000000001
0x000000013127c990:   000000010ff1c45f 000000012908ff90 

Instructions: (pc=0x000000012f07912f)
0x000000012f07910f:   00 01 00 00 00 48 8b bb 78 01 00 00 be 06 00 00
0x000000012f07911f:   00 e8 4d 27 00 00 bf 50 c3 00 00 e8 c7 27 00 00
0x000000012f07912f:   83 bb 68 01 00 00 01 74 16 48 8b bb 78 01 00 00
0x000000012f07913f:   e8 16 27 00 00 c7 83 68 01 00 00 01 00 00 00 5b 

Register to memory mapping:

RAX=0x0000000000000000 is an unknown value
RBX=0x00000001310f6700 is an unknown value
RCX=0x00007fff9257c48a: __semwait_signal+0xa in /usr/lib/system/libsystem_kernel.dylib at 0x00007fff92566000
RDX=0xffffffffffffffff is an unknown value
RSP=0x000000013127c7a0 is pointing into the stack for thread: 0x00007fc7e40a8000
RBP=0x000000013127c7b0 is pointing into the stack for thread: 0x00007fc7e40a8000
RSI=0x0000000000000000 is an unknown value
RDI=0x000000000000003c is an unknown value
R8 =0x0000000000000000 is an unknown value
R9 =0x0000000002faf080 is an unknown value
R10=0x0000000000000001 is an unknown value
R11=0x0000000000000247 is an unknown value
R12=0x0000000000000020 is an unknown value
R13={method} {0x000000012909a9e8} 'interruptEventLoop' '()V' in 'gnu/io/RXTXPort'
R14=0x000000013127c830 is pointing into the stack for thread: 0x00007fc7e40a8000
R15=0x00007fc7e40a8000 is a thread


Stack: [0x000000013117d000,0x000000013127d000],  sp=0x000000013127c7a0,  free space=1021k
Native frames: (J=compiled Java code, j=interpreted, Vv=VM code, C=native code)
C  [librxtxSerial.jnilib+0x312f]  Java_gnu_io_RXTXPort_interruptEventLoop+0x6b
j  gnu.io.RXTXPort.interruptEventLoop()V+0
j  gnu.io.RXTXPort.removeEventListener()V+55
j  gnu.io.RXTXPort.close()V+91
j  Cars$1.run()V+15
v  ~StubRoutines::call_stub
V  [libjvm.dylib+0x2d4516]
V  [libjvm.dylib+0x2d4ca4]
V  [libjvm.dylib+0x2d4e50]
V  [libjvm.dylib+0x32583f]
V  [libjvm.dylib+0x535ed9]
V  [libjvm.dylib+0x53761c]
V  [libjvm.dylib+0x45d87e]
C  [libsystem_pthread.dylib+0x3268]  _pthread_body+0x83
C  [libsystem_pthread.dylib+0x31e5]  _pthread_body+0x0
C  [libsystem_pthread.dylib+0x141d]  thread_start+0xd
C  0x0000000000000000

Java frames: (J=compiled Java code, j=interpreted, Vv=VM code)
j  gnu.io.RXTXPort.interruptEventLoop()V+0
j  gnu.io.RXTXPort.removeEventListener()V+55
j  gnu.io.RXTXPort.close()V+91
j  Cars$1.run()V+15
v  ~StubRoutines::call_stub

---------------  P R O C E S S  ---------------

Java Threads: ( => current thread )
=>0x00007fc7e40a8000 JavaThread "Thread-1" [_thread_in_native, id=12843, stack(0x000000013117d000,0x000000013127d000)]
  0x00007fc7e583a000 JavaThread "SIGTERM handler" daemon [_thread_blocked, id=24167, stack(0x0000000130ef4000,0x0000000130ff4000)]
  0x00007fc7e480d000 JavaThread "AWT-Shutdown" [_thread_blocked, id=12047, stack(0x000000012e09d000,0x000000012e19d000)]
  0x00007fc7e40ac000 JavaThread "DestroyJavaVM" [_thread_blocked, id=4867, stack(0x000000010e685000,0x000000010e785000)]
  0x00007fc7e5056800 JavaThread "AppKit Thread" daemon [_thread_in_native, id=1811, stack(0x00007fff50e91000,0x00007fff51691000)]
  0x00007fc7e5013800 JavaThread "Service Thread" daemon [_thread_blocked, id=18179, stack(0x000000012c695000,0x000000012c795000)]
  0x00007fc7e500a800 JavaThread "C1 CompilerThread2" daemon [_thread_blocked, id=17667, stack(0x000000012c592000,0x000000012c692000)]
  0x00007fc7e500a000 JavaThread "C2 CompilerThread1" daemon [_thread_blocked, id=17155, stack(0x000000012c48f000,0x000000012c58f000)]
  0x00007fc7e5008000 JavaThread "C2 CompilerThread0" daemon [_thread_blocked, id=16643, stack(0x000000012c38c000,0x000000012c48c000)]
  0x00007fc7e5000800 JavaThread "Signal Dispatcher" daemon [_thread_blocked, id=13331, stack(0x000000012c289000,0x000000012c389000)]
  0x00007fc7e4832800 JavaThread "Finalizer" daemon [_thread_blocked, id=11523, stack(0x000000012a941000,0x000000012aa41000)]
  0x00007fc7e4831800 JavaThread "Reference Handler" daemon [_thread_blocked, id=11011, stack(0x000000012a83e000,0x000000012a93e000)]

Other Threads:
  0x00007fc7e482d000 VMThread [stack: 0x000000012a73b000,0x000000012a83b000] [id=10499]
  0x00007fc7e5001800 WatcherThread [stack: 0x000000012c798000,0x000000012c898000] [id=18691]

VM state:not at safepoint (normal execution)

VM Mutex/Monitor currently owned by a thread: None

Heap:
 PSYoungGen      total 76288K, used 17040K [0x000000076ab00000, 0x0000000770000000, 0x00000007c0000000)
  eden space 65536K, 26% used [0x000000076ab00000,0x000000076bba43f0,0x000000076eb00000)
  from space 10752K, 0% used [0x000000076f580000,0x000000076f580000,0x0000000770000000)
  to   space 10752K, 0% used [0x000000076eb00000,0x000000076eb00000,0x000000076f580000)
 ParOldGen       total 175104K, used 0K [0x00000006c0000000, 0x00000006cab00000, 0x000000076ab00000)
  object space 175104K, 0% used [0x00000006c0000000,0x00000006c0000000,0x00000006cab00000)
 Metaspace       used 4839K, capacity 4954K, committed 5248K, reserved 1056768K
  class space    used 553K, capacity 597K, committed 640K, reserved 1048576K

Card table byte_map: [0x000000011f2dc000,0x000000011fadd000] byte_map_base: 0x000000011bcdc000

Marking Bits: (ParMarkBitMap*) 0x000000010f89d390
 Begin Bits: [0x000000012043f000, 0x000000012443f000)
 End Bits:   [0x000000012443f000, 0x000000012843f000)

Polling page: 0x000000010e7c9000

CodeCache: size=245760Kb used=1586Kb max_used=1592Kb free=244173Kb
 bounds [0x000000010ff1c000, 0x000000011018c000, 0x000000011ef1c000]
 total_blobs=517 nmethods=254 adapters=178
 compilation: enabled

Compilation events (10 events):
Event: 4.559 Thread 0x00007fc7e500a800 nmethod 249 0x00000001100a6b90 code [0x00000001100a6d20, 0x00000001100a70b0]
Event: 4.566 Thread 0x00007fc7e500a000 nmethod 250 0x00000001100aa2d0 code [0x00000001100aa420, 0x00000001100aa878]
Event: 5.288 Thread 0x00007fc7e500a800  251       3       java.util.regex.Pattern::peek (26 bytes)
Event: 5.288 Thread 0x00007fc7e500a800 nmethod 251 0x000000011009e9d0 code [0x000000011009eb60, 0x000000011009ee08]
Event: 31.095 Thread 0x00007fc7e500a800  252       3       sun.awt.AWTAutoShutdown::isReadyToShutdown (37 bytes)
Event: 31.096 Thread 0x00007fc7e500a800 nmethod 252 0x00000001100a9a50 code [0x00000001100a9be0, 0x00000001100a9f98]
Event: 31.786 Thread 0x00007fc7e500a800  253       3       java.util.IdentityHashMap::isEmpty (13 bytes)
Event: 31.787 Thread 0x00007fc7e500a800 nmethod 253 0x00000001100a96d0 code [0x00000001100a9840, 0x00000001100a99f0]
Event: 31.787 Thread 0x00007fc7e500a800  254       3       java.util.HashSet::isEmpty (8 bytes)
Event: 31.787 Thread 0x00007fc7e500a800 nmethod 254 0x00000001100a9210 code [0x00000001100a9380, 0x00000001100a9610]

GC Heap History (0 events):
No events

Deoptimization events (0 events):
No events

Internal exceptions (10 events):
Event: 3.929 Thread 0x00007fc7e40a9000 Exception <a 'java/security/PrivilegedActionException'> (0x000000076b0ca050) thrown at [/HUDSON3/workspace/8-2-build-macosx-x86_64/jdk8u25/1514/hotspot/src/share/vm/prims/jvm.cpp, line 1312]
Event: 4.131 Thread 0x00007fc7e40a9000 Exception <a 'java/security/PrivilegedActionException'> (0x000000076b0d1d80) thrown at [/HUDSON3/workspace/8-2-build-macosx-x86_64/jdk8u25/1514/hotspot/src/share/vm/prims/jvm.cpp, line 1312]
Event: 4.338 Thread 0x00007fc7e40a9000 Exception <a 'java/security/PrivilegedActionException'> (0x000000076b0da3b8) thrown at [/HUDSON3/workspace/8-2-build-macosx-x86_64/jdk8u25/1514/hotspot/src/share/vm/prims/jvm.cpp, line 1312]
Event: 4.338 Thread 0x00007fc7e40a9000 Exception <a 'java/security/PrivilegedActionException'> (0x000000076b0df8e8) thrown at [/HUDSON3/workspace/8-2-build-macosx-x86_64/jdk8u25/1514/hotspot/src/share/vm/prims/jvm.cpp, line 1312]
Event: 4.559 Thread 0x00007fc7e40a9000 Exception <a 'java/security/PrivilegedActionException'> (0x000000076b0e8a70) thrown at [/HUDSON3/workspace/8-2-build-macosx-x86_64/jdk8u25/1514/hotspot/src/share/vm/prims/jvm.cpp, line 1312]
Event: 4.560 Thread 0x00007fc7e40a9000 Exception <a 'java/security/PrivilegedActionException'> (0x000000076b0ee860) thrown at [/HUDSON3/workspace/8-2-build-macosx-x86_64/jdk8u25/1514/hotspot/src/share/vm/prims/jvm.cpp, line 1312]
Event: 4.560 Thread 0x00007fc7e40a9000 Exception <a 'java/security/PrivilegedActionException'> (0x000000076b0f46a8) thrown at [/HUDSON3/workspace/8-2-build-macosx-x86_64/jdk8u25/1514/hotspot/src/share/vm/prims/jvm.cpp, line 1312]
Event: 32.331 Thread 0x00007fc7e40a8000 Exception <a 'java/io/IOException'> (0x000000076ba5cac8) thrown at [/HUDSON3/workspace/8-2-build-macosx-x86_64/jdk8u25/1514/hotspot/src/share/vm/prims/jni.cpp, line 716]
Event: 32.331 Thread 0x00007fc7e40a8000 Exception <a 'java/io/IOException'> (0x000000076ba5cd80) thrown at [/HUDSON3/workspace/8-2-build-macosx-x86_64/jdk8u25/1514/hotspot/src/share/vm/prims/jni.cpp, line 716]
Event: 32.331 Thread 0x00007fc7e40a8000 Exception <a 'java/io/IOException'> (0x000000076ba5cf90) thrown at [/HUDSON3/workspace/8-2-build-macosx-x86_64/jdk8u25/1514/hotspot/src/share/vm/prims/jni.cpp, line 716]

Events (10 events):
Event: 32.330 Executing VM operation: RevokeBias
Event: 32.330 Executing VM operation: RevokeBias done
Event: 32.330 loading class java/util/IdentityHashMap$KeySet
Event: 32.330 loading class java/util/IdentityHashMap$KeySet done
Event: 32.330 loading class java/util/IdentityHashMap$KeyIterator
Event: 32.330 loading class java/util/IdentityHashMap$KeyIterator done
Event: 32.330 Thread 0x00007fc7e40a8000 Thread added: 0x00007fc7e40a8000
Event: 32.331 loading class java/io/InterruptedIOException
Event: 32.331 loading class java/io/InterruptedIOException done
Event: 32.332 Thread 0x00007fc7e49f1000 Thread exited: 0x00007fc7e49f1000


Dynamic libraries:
0x0000000007a16000 	/System/Library/Frameworks/Cocoa.framework/Versions/A/Cocoa
0x0000000007a16000 	/System/Library/Frameworks/Security.framework/Versions/A/Security
0x0000000007a16000 	/System/Library/Frameworks/ApplicationServices.framework/Versions/A/ApplicationServices
0x0000000007a16000 	/usr/lib/libz.1.dylib
0x0000000007a16000 	/usr/lib/libSystem.B.dylib
0x0000000007a16000 	/usr/lib/libobjc.A.dylib
0x0000000007a16000 	/System/Library/Frameworks/CoreFoundation.framework/Versions/A/CoreFoundation
0x0000000007a16000 	/System/Library/Frameworks/Foundation.framework/Versions/C/Foundation
0x0000000007a16000 	/System/Library/Frameworks/AppKit.framework/Versions/C/AppKit
0x0000000007a16000 	/System/Library/Frameworks/CoreData.framework/Versions/A/CoreData
0x0000000007a16000 	/System/Library/PrivateFrameworks/RemoteViewServices.framework/Versions/A/RemoteViewServices
0x0000000007a16000 	/System/Library/PrivateFrameworks/UIFoundation.framework/Versions/A/UIFoundation
0x0000000007a16000 	/System/Library/Frameworks/IOSurface.framework/Versions/A/IOSurface
0x0000000007a16000 	/System/Library/Frameworks/AudioToolbox.framework/Versions/A/AudioToolbox
0x0000000007a16000 	/System/Library/Frameworks/AudioUnit.framework/Versions/A/AudioUnit
0x0000000007a16000 	/System/Library/PrivateFrameworks/DataDetectorsCore.framework/Versions/A/DataDetectorsCore
0x0000000007a16000 	/System/Library/PrivateFrameworks/DesktopServicesPriv.framework/Versions/A/DesktopServicesPriv
0x0000000007a16000 	/System/Library/Frameworks/Carbon.framework/Versions/A/Frameworks/HIToolbox.framework/Versions/A/HIToolbox
0x0000000007a16000 	/System/Library/Frameworks/QuartzCore.framework/Versions/A/QuartzCore
0x0000000007a16000 	/System/Library/Frameworks/Carbon.framework/Versions/A/Frameworks/SpeechRecognition.framework/Versions/A/SpeechRecognition
0x0000000007a16000 	/usr/lib/libauto.dylib
0x0000000007a16000 	/usr/lib/libicucore.A.dylib
0x0000000007a16000 	/usr/lib/libxml2.2.dylib
0x0000000007a16000 	/System/Library/PrivateFrameworks/CoreUI.framework/Versions/A/CoreUI
0x0000000007a16000 	/System/Library/Frameworks/CoreAudio.framework/Versions/A/CoreAudio
0x0000000007a16000 	/System/Library/Frameworks/DiskArbitration.framework/Versions/A/DiskArbitration
0x0000000007a16000 	/usr/lib/liblangid.dylib
0x0000000007a16000 	/System/Library/PrivateFrameworks/MultitouchSupport.framework/Versions/A/MultitouchSupport
0x0000000007a16000 	/System/Library/Frameworks/IOKit.framework/Versions/A/IOKit
0x0000000007a16000 	/usr/lib/libDiagnosticMessagesClient.dylib
0x0000000007a16000 	/System/Library/Frameworks/CoreServices.framework/Versions/A/CoreServices
0x0000000007a16000 	/System/Library/PrivateFrameworks/PerformanceAnalysis.framework/Versions/A/PerformanceAnalysis
0x0000000007a16000 	/System/Library/PrivateFrameworks/GenerationalStorage.framework/Versions/A/GenerationalStorage
0x0000000007a16000 	/System/Library/Frameworks/OpenGL.framework/Versions/A/OpenGL
0x0000000007a16000 	/System/Library/PrivateFrameworks/Sharing.framework/Versions/A/Sharing
0x0000000007a16000 	/System/Library/Frameworks/CoreGraphics.framework/Versions/A/CoreGraphics
0x0000000007a16000 	/System/Library/Frameworks/CoreText.framework/Versions/A/CoreText
0x0000000007a16000 	/System/Library/Frameworks/ImageIO.framework/Versions/A/ImageIO
0x0000000007a16000 	/usr/lib/libextension.dylib
0x0000000007a16000 	/System/Library/PrivateFrameworks/Backup.framework/Versions/A/Backup
0x0000000007a16000 	/usr/lib/libarchive.2.dylib
0x0000000007a16000 	/System/Library/Frameworks/CFNetwork.framework/Versions/A/CFNetwork
0x0000000007a16000 	/System/Library/Frameworks/SystemConfiguration.framework/Versions/A/SystemConfiguration
0x0000000007a16000 	/usr/lib/libCRFSuite.dylib
0x0000000007a16000 	/usr/lib/libc++.1.dylib
0x0000000007a16000 	/usr/lib/libc++abi.dylib
0x0000000007a16000 	/usr/lib/system/libcache.dylib
0x0000000007a16000 	/usr/lib/system/libcommonCrypto.dylib
0x0000000007a16000 	/usr/lib/system/libcompiler_rt.dylib
0x0000000007a16000 	/usr/lib/system/libcopyfile.dylib
0x0000000007a16000 	/usr/lib/system/libcorecrypto.dylib
0x0000000007a16000 	/usr/lib/system/libdispatch.dylib
0x0000000007a16000 	/usr/lib/system/libdyld.dylib
0x0000000007a16000 	/usr/lib/system/libkeymgr.dylib
0x0000000007a16000 	/usr/lib/system/liblaunch.dylib
0x0000000007a16000 	/usr/lib/system/libmacho.dylib
0x0000000007a16000 	/usr/lib/system/libquarantine.dylib
0x0000000007a16000 	/usr/lib/system/libremovefile.dylib
0x0000000007a16000 	/usr/lib/system/libsystem_asl.dylib
0x0000000007a16000 	/usr/lib/system/libsystem_blocks.dylib
0x0000000007a16000 	/usr/lib/system/libsystem_c.dylib
0x0000000007a16000 	/usr/lib/system/libsystem_configuration.dylib
0x0000000007a16000 	/usr/lib/system/libsystem_coreservices.dylib
0x0000000007a16000 	/usr/lib/system/libsystem_coretls.dylib
0x0000000007a16000 	/usr/lib/system/libsystem_dnssd.dylib
0x0000000007a16000 	/usr/lib/system/libsystem_info.dylib
0x0000000007a16000 	/usr/lib/system/libsystem_kernel.dylib
0x0000000007a16000 	/usr/lib/system/libsystem_m.dylib
0x0000000007a16000 	/usr/lib/system/libsystem_malloc.dylib
0x0000000007a16000 	/usr/lib/system/libsystem_network.dylib
0x0000000007a16000 	/usr/lib/system/libsystem_networkextension.dylib
0x0000000007a16000 	/usr/lib/system/libsystem_notify.dylib
0x0000000007a16000 	/usr/lib/system/libsystem_platform.dylib
0x0000000007a16000 	/usr/lib/system/libsystem_pthread.dylib
0x0000000007a16000 	/usr/lib/system/libsystem_sandbox.dylib
0x0000000007a16000 	/usr/lib/system/libsystem_secinit.dylib
0x0000000007a16000 	/usr/lib/system/libsystem_stats.dylib
0x0000000007a16000 	/usr/lib/system/libsystem_trace.dylib
0x0000000007a16000 	/usr/lib/system/libunc.dylib
0x0000000007a16000 	/usr/lib/system/libunwind.dylib
0x0000000007a16000 	/usr/lib/system/libxpc.dylib
0x0000000007a16000 	/usr/lib/libbz2.1.0.dylib
0x0000000007a16000 	/usr/lib/liblzma.5.dylib
0x0000000007a16000 	/usr/lib/libbsm.0.dylib
0x0000000007a16000 	/usr/lib/libsqlite3.dylib
0x0000000007a16000 	/usr/lib/system/libkxld.dylib
0x0000000007a16000 	/usr/lib/libxar.1.dylib
0x0000000007a16000 	/usr/lib/libpam.2.dylib
0x0000000007a16000 	/usr/lib/libOpenScriptingUtil.dylib
0x0000000007a16000 	/System/Library/Frameworks/CoreServices.framework/Versions/A/Frameworks/FSEvents.framework/Versions/A/FSEvents
0x0000000007a16000 	/System/Library/Frameworks/CoreServices.framework/Versions/A/Frameworks/CarbonCore.framework/Versions/A/CarbonCore
0x0000000007a16000 	/System/Library/Frameworks/CoreServices.framework/Versions/A/Frameworks/Metadata.framework/Versions/A/Metadata
0x0000000007a16000 	/System/Library/Frameworks/CoreServices.framework/Versions/A/Frameworks/OSServices.framework/Versions/A/OSServices
0x0000000007a16000 	/System/Library/Frameworks/CoreServices.framework/Versions/A/Frameworks/SearchKit.framework/Versions/A/SearchKit
0x0000000007a16000 	/System/Library/Frameworks/CoreServices.framework/Versions/A/Frameworks/AE.framework/Versions/A/AE
0x0000000007a16000 	/System/Library/Frameworks/CoreServices.framework/Versions/A/Frameworks/LaunchServices.framework/Versions/A/LaunchServices
0x0000000007a16000 	/System/Library/Frameworks/CoreServices.framework/Versions/A/Frameworks/DictionaryServices.framework/Versions/A/DictionaryServices
0x0000000007a16000 	/System/Library/Frameworks/NetFS.framework/Versions/A/NetFS
0x0000000007a16000 	/System/Library/PrivateFrameworks/NetAuth.framework/Versions/A/NetAuth
0x0000000007a16000 	/System/Library/PrivateFrameworks/login.framework/Versions/A/Frameworks/loginsupport.framework/Versions/A/loginsupport
0x0000000007a16000 	/System/Library/PrivateFrameworks/TCC.framework/Versions/A/TCC
0x0000000007a16000 	/usr/lib/libmecabra.dylib
0x0000000007a16000 	/System/Library/Frameworks/ApplicationServices.framework/Versions/A/Frameworks/ATS.framework/Versions/A/ATS
0x0000000007a16000 	/System/Library/Frameworks/ApplicationServices.framework/Versions/A/Frameworks/ColorSync.framework/Versions/A/ColorSync
0x0000000007a16000 	/System/Library/Frameworks/ApplicationServices.framework/Versions/A/Frameworks/HIServices.framework/Versions/A/HIServices
0x0000000007a16000 	/System/Library/Frameworks/ApplicationServices.framework/Versions/A/Frameworks/LangAnalysis.framework/Versions/A/LangAnalysis
0x0000000007a16000 	/System/Library/Frameworks/ApplicationServices.framework/Versions/A/Frameworks/PrintCore.framework/Versions/A/PrintCore
0x0000000007a16000 	/System/Library/Frameworks/ApplicationServices.framework/Versions/A/Frameworks/QD.framework/Versions/A/QD
0x0000000007a16000 	/System/Library/Frameworks/ApplicationServices.framework/Versions/A/Frameworks/SpeechSynthesis.framework/Versions/A/SpeechSynthesis
0x0000000007a16000 	/System/Library/Frameworks/Accelerate.framework/Versions/A/Accelerate
0x0000000007a16000 	/System/Library/Frameworks/Accelerate.framework/Versions/A/Frameworks/vImage.framework/Versions/A/vImage
0x0000000007a16000 	/System/Library/Frameworks/Accelerate.framework/Versions/A/Frameworks/vecLib.framework/Versions/A/vecLib
0x0000000007a16000 	/System/Library/Frameworks/Accelerate.framework/Versions/A/Frameworks/vecLib.framework/Versions/A/libvDSP.dylib
0x0000000007a16000 	/System/Library/Frameworks/Accelerate.framework/Versions/A/Frameworks/vecLib.framework/Versions/A/libvMisc.dylib
0x0000000007a16000 	/System/Library/Frameworks/Accelerate.framework/Versions/A/Frameworks/vecLib.framework/Versions/A/libLAPACK.dylib
0x0000000007a16000 	/System/Library/Frameworks/Accelerate.framework/Versions/A/Frameworks/vecLib.framework/Versions/A/libBLAS.dylib
0x0000000007a16000 	/System/Library/Frameworks/Accelerate.framework/Versions/A/Frameworks/vecLib.framework/Versions/A/libLinearAlgebra.dylib
0x0000000007a16000 	/System/Library/Frameworks/ApplicationServices.framework/Versions/A/Frameworks/ATS.framework/Versions/A/Resources/libFontParser.dylib
0x0000000007a16000 	/System/Library/Frameworks/ApplicationServices.framework/Versions/A/Frameworks/ATS.framework/Versions/A/Resources/libFontRegistry.dylib
0x0000000007a16000 	/System/Library/PrivateFrameworks/AppleVPA.framework/Versions/A/AppleVPA
0x0000000007a16000 	/System/Library/PrivateFrameworks/AppleJPEG.framework/Versions/A/AppleJPEG
0x0000000007a16000 	/System/Library/Frameworks/ImageIO.framework/Versions/A/Resources/libJPEG.dylib
0x0000000007a16000 	/System/Library/Frameworks/ImageIO.framework/Versions/A/Resources/libTIFF.dylib
0x0000000007a16000 	/System/Library/Frameworks/ImageIO.framework/Versions/A/Resources/libPng.dylib
0x0000000007a16000 	/System/Library/Frameworks/ImageIO.framework/Versions/A/Resources/libGIF.dylib
0x0000000007a16000 	/System/Library/Frameworks/ImageIO.framework/Versions/A/Resources/libJP2.dylib
0x0000000007a16000 	/System/Library/Frameworks/ImageIO.framework/Versions/A/Resources/libRadiance.dylib
0x0000000007a16000 	/System/Library/Frameworks/CoreVideo.framework/Versions/A/CoreVideo
0x0000000007a16000 	/System/Library/Frameworks/OpenGL.framework/Versions/A/Libraries/libGLU.dylib
0x0000000007a16000 	/System/Library/Frameworks/OpenGL.framework/Versions/A/Libraries/libGFXShared.dylib
0x0000000007a16000 	/System/Library/Frameworks/OpenGL.framework/Versions/A/Libraries/libGL.dylib
0x0000000007a16000 	/System/Library/Frameworks/OpenGL.framework/Versions/A/Libraries/libGLImage.dylib
0x0000000007a16000 	/System/Library/Frameworks/OpenGL.framework/Versions/A/Libraries/libCVMSPluginSupport.dylib
0x0000000007a16000 	/System/Library/Frameworks/OpenGL.framework/Versions/A/Libraries/libCoreVMClient.dylib
0x0000000007a16000 	/usr/lib/libcups.2.dylib
0x0000000007a16000 	/System/Library/Frameworks/Kerberos.framework/Versions/A/Kerberos
0x0000000007a16000 	/System/Library/Frameworks/GSS.framework/Versions/A/GSS
0x0000000007a16000 	/usr/lib/libresolv.9.dylib
0x0000000007a16000 	/usr/lib/libiconv.2.dylib
0x0000000007a16000 	/System/Library/PrivateFrameworks/Heimdal.framework/Versions/A/Heimdal
0x0000000007a16000 	/usr/lib/libheimdal-asn1.dylib
0x0000000007a16000 	/System/Library/Frameworks/OpenDirectory.framework/Versions/A/OpenDirectory
0x0000000007a16000 	/System/Library/PrivateFrameworks/CommonAuth.framework/Versions/A/CommonAuth
0x0000000007a16000 	/System/Library/Frameworks/OpenDirectory.framework/Versions/A/Frameworks/CFOpenDirectory.framework/Versions/A/CFOpenDirectory
0x0000000007a16000 	/System/Library/Frameworks/SecurityFoundation.framework/Versions/A/SecurityFoundation
0x0000000007a16000 	/System/Library/PrivateFrameworks/LanguageModeling.framework/Versions/A/LanguageModeling
0x0000000007a16000 	/usr/lib/libcmph.dylib
0x0000000007a16000 	/System/Library/Frameworks/ServiceManagement.framework/Versions/A/ServiceManagement
0x0000000007a16000 	/usr/lib/libxslt.1.dylib
0x0000000007a16000 	/System/Library/Frameworks/Carbon.framework/Versions/A/Frameworks/Ink.framework/Versions/A/Ink
0x0000000007a16000 	/System/Library/Frameworks/QuartzCore.framework/Versions/A/Frameworks/CoreImage.framework/Versions/A/CoreImage
0x0000000007a16000 	/System/Library/PrivateFrameworks/CrashReporterSupport.framework/Versions/A/CrashReporterSupport
0x0000000007a16000 	/System/Library/Frameworks/OpenCL.framework/Versions/A/OpenCL
0x0000000007a16000 	/System/Library/PrivateFrameworks/FaceCore.framework/Versions/A/FaceCore
0x0000000007a16000 	/System/Library/PrivateFrameworks/Ubiquity.framework/Versions/A/Ubiquity
0x0000000007a16000 	/System/Library/PrivateFrameworks/IconServices.framework/Versions/A/IconServices
0x0000000007a16000 	/System/Library/PrivateFrameworks/ChunkingLibrary.framework/Versions/A/ChunkingLibrary
0x0000000007a16000 	/System/Library/PrivateFrameworks/Apple80211.framework/Versions/A/Apple80211
0x0000000007a16000 	/System/Library/Frameworks/CoreWLAN.framework/Versions/A/CoreWLAN
0x0000000007a16000 	/System/Library/Frameworks/IOBluetooth.framework/Versions/A/IOBluetooth
0x0000000007a16000 	/System/Library/PrivateFrameworks/CoreWiFi.framework/Versions/A/CoreWiFi
0x0000000007a16000 	/System/Library/Frameworks/CoreBluetooth.framework/Versions/A/CoreBluetooth
0x0000000007a16000 	/System/Library/PrivateFrameworks/DebugSymbols.framework/Versions/A/DebugSymbols
0x0000000007a16000 	/System/Library/PrivateFrameworks/CoreSymbolication.framework/Versions/A/CoreSymbolication
0x0000000007a16000 	/System/Library/PrivateFrameworks/Symbolication.framework/Versions/A/Symbolication
0x0000000007a16000 	/System/Library/PrivateFrameworks/SpeechRecognitionCore.framework/Versions/A/SpeechRecognitionCore
0x000000010f000000 	/Library/Java/JavaVirtualMachines/jdk1.8.0_25.jdk/Contents/Home/jre/lib/server/libjvm.dylib
0x0000000007a16000 	/usr/lib/libstdc++.6.dylib
0x000000010e787000 	/Library/Java/JavaVirtualMachines/jdk1.8.0_25.jdk/Contents/Home/jre/lib/libverify.dylib
0x000000010e795000 	/Library/Java/JavaVirtualMachines/jdk1.8.0_25.jdk/Contents/Home/jre/lib/libjava.dylib
0x000000010e7d3000 	/Library/Java/JavaVirtualMachines/jdk1.8.0_25.jdk/Contents/Home/jre/lib/libzip.dylib
0x000000012aa43000 	/System/Library/Frameworks/JavaVM.framework/Frameworks/JavaRuntimeSupport.framework/JavaRuntimeSupport
0x000000012aa5b000 	/System/Library/Frameworks/JavaVM.framework/Versions/A/Frameworks/JavaNativeFoundation.framework/Versions/A/JavaNativeFoundation
0x000000012aa70000 	/System/Library/Frameworks/JavaVM.framework/Versions/A/JavaVM
0x0000000007a16000 	/System/Library/Frameworks/Carbon.framework/Versions/A/Carbon
0x000000012aa7d000 	/System/Library/PrivateFrameworks/JavaLaunching.framework/Versions/A/JavaLaunching
0x0000000007a16000 	/System/Library/Frameworks/Carbon.framework/Versions/A/Frameworks/CommonPanels.framework/Versions/A/CommonPanels
0x0000000007a16000 	/System/Library/Frameworks/Carbon.framework/Versions/A/Frameworks/Help.framework/Versions/A/Help
0x0000000007a16000 	/System/Library/Frameworks/Carbon.framework/Versions/A/Frameworks/ImageCapture.framework/Versions/A/ImageCapture
0x0000000007a16000 	/System/Library/Frameworks/Carbon.framework/Versions/A/Frameworks/OpenScripting.framework/Versions/A/OpenScripting
0x0000000007a16000 	/System/Library/Frameworks/Carbon.framework/Versions/A/Frameworks/Print.framework/Versions/A/Print
0x0000000007a16000 	/System/Library/Frameworks/Carbon.framework/Versions/A/Frameworks/SecurityHI.framework/Versions/A/SecurityHI
0x000000012c8ea000 	/Library/Java/JavaVirtualMachines/jdk1.8.0_25.jdk/Contents/Home/jre/lib/libawt.dylib
0x000000012c999000 	/Library/Java/JavaVirtualMachines/jdk1.8.0_25.jdk/Contents/Home/jre/lib/./libmlib_image.dylib
0x000000012ca65000 	/Library/Java/JavaVirtualMachines/jdk1.8.0_25.jdk/Contents/Home/jre/lib/libawt_lwawt.dylib
0x000000012cb18000 	/Library/Java/JavaVirtualMachines/jdk1.8.0_25.jdk/Contents/Home/jre/lib/./libosxapp.dylib
0x0000000007a16000 	/System/Library/Frameworks/ExceptionHandling.framework/Versions/A/ExceptionHandling
0x0000000007a16000 	/System/Library/PrivateFrameworks/CoreServicesInternal.framework/Versions/A/CoreServicesInternal
0x0000000007a16000 	/System/Library/PrivateFrameworks/CloudDocs.framework/Versions/A/CloudDocs
0x0000000007a16000 	/System/Library/PrivateFrameworks/CoreDuet.framework/Versions/A/CoreDuet
0x0000000007a16000 	/System/Library/Frameworks/CloudKit.framework/Versions/A/CloudKit
0x0000000007a16000 	/System/Library/PrivateFrameworks/ProtocolBuffer.framework/Versions/A/ProtocolBuffer
0x0000000007a16000 	/System/Library/PrivateFrameworks/CoreDuetDaemonProtocol.framework/Versions/A/CoreDuetDaemonProtocol
0x0000000007a16000 	/System/Library/PrivateFrameworks/CoreDuetDebugLogging.framework/Versions/A/CoreDuetDebugLogging
0x0000000007a16000 	/System/Library/Frameworks/CoreLocation.framework/Versions/A/CoreLocation
0x0000000007a16000 	/System/Library/Frameworks/Accounts.framework/Versions/A/Accounts
0x0000000007a16000 	/System/Library/PrivateFrameworks/ApplePushService.framework/Versions/A/ApplePushService
0x0000000007a16000 	/System/Library/PrivateFrameworks/GeoServices.framework/Versions/A/GeoServices
0x0000000007a16000 	/System/Library/PrivateFrameworks/OAuth.framework/Versions/A/OAuth
0x0000000007a16000 	/System/Library/PrivateFrameworks/CoreDaemon.framework/Versions/B/CoreDaemon
0x0000000007a16000 	/usr/lib/libcrypto.0.9.8.dylib
0x0000000007a16000 	/System/Library/PrivateFrameworks/AppleSRP.framework/Versions/A/AppleSRP
0x0000000007a16000 	/System/Library/PrivateFrameworks/TrustEvaluationAgent.framework/Versions/A/TrustEvaluationAgent
0x0000000007a16000 	/System/Library/Frameworks/CoreGraphics.framework/Versions/A/Resources/libCGCMS.A.dylib
0x0000000007a16000 	/System/Library/Frameworks/CoreGraphics.framework/Versions/A/Resources/libRIP.A.dylib
0x0000000007a16000 	/System/Library/Frameworks/CoreGraphics.framework/Versions/A/Resources/libCGXType.A.dylib
0x0000000007a16000 	/System/Library/Frameworks/OpenCL.framework/Versions/A/Libraries/libcldcpuengine.dylib
0x0000000007a16000 	/System/Library/PrivateFrameworks/DiskImages.framework/Versions/A/DiskImages
0x0000000007a16000 	/System/Library/Frameworks/DiscRecording.framework/Versions/A/DiscRecording
0x0000000007a16000 	/usr/lib/libcsfde.dylib
0x0000000007a16000 	/usr/lib/libcurl.4.dylib
0x0000000007a16000 	/System/Library/PrivateFrameworks/MediaKit.framework/Versions/A/MediaKit
0x0000000007a16000 	/System/Library/PrivateFrameworks/ProtectedCloudStorage.framework/Versions/A/ProtectedCloudStorage
0x0000000007a16000 	/usr/lib/libCoreStorage.dylib
0x0000000007a16000 	/System/Library/PrivateFrameworks/EFILogin.framework/Versions/A/EFILogin
0x0000000007a16000 	/usr/lib/libutil.dylib
0x0000000007a16000 	/System/Library/PrivateFrameworks/FindMyDevice.framework/Versions/A/FindMyDevice
0x0000000007a16000 	/System/Library/Frameworks/LDAP.framework/Versions/A/LDAP
0x0000000007a16000 	/usr/lib/libsasl2.2.dylib
0x000000012fc06000 	cl_kernels
0x000000012fc08000 	/System/Library/Frameworks/OpenCL.framework/Versions/A/Libraries/ImageFormats/unorm8_bgra.dylib
0x000000012fbf8000 	cl_kernels
0x0000000007a16000 	/System/Library/PrivateFrameworks/FamilyControls.framework/Versions/A/FamilyControls
0x0000000007a16000 	/System/Library/PrivateFrameworks/CommerceKit.framework/Versions/A/Frameworks/CommerceCore.framework/Versions/A/CommerceCore
0x0000000007a16000 	/System/Library/PrivateFrameworks/SystemAdministration.framework/Versions/A/SystemAdministration
0x0000000007a16000 	/System/Library/PrivateFrameworks/AppContainer.framework/Versions/A/AppContainer
0x0000000007a16000 	/System/Library/PrivateFrameworks/SecCodeWrapper.framework/Versions/A/SecCodeWrapper
0x0000000007a16000 	/System/Library/Frameworks/DirectoryService.framework/Versions/A/DirectoryService
0x0000000007a16000 	/System/Library/PrivateFrameworks/LoginUIKit.framework/Versions/A/Frameworks/LoginUICore.framework/Versions/A/LoginUICore
0x0000000007a16000 	/usr/lib/libodfde.dylib
0x0000000130e8c000 	/Library/Java/JavaVirtualMachines/jdk1.8.0_25.jdk/Contents/Home/jre/lib/libfontmanager.dylib
0x000000012f076000 	/Users/Kevin/Git/Kaazing/iot/cars/java/lib/librxtxSerial.jnilib

VM Arguments:
jvm_args: -Djava.library.path=/Users/Kevin/Git/Kaazing/iot/cars/java/lib -Dfile.encoding=UTF-8 
java_command: Cars
java_class_path (initial): /Users/Kevin/Git/Kaazing/iot/cars/java/bin:/Users/Kevin/Git/Kaazing/iot/cars/java/lib/amqp.client.java-5.0.0.6.jar:/Users/Kevin/Git/Kaazing/iot/cars/java/lib/gateway.client.java-5.1.0.3.jar:/Users/Kevin/Git/Kaazing/iot/cars/java/lib/gateway.client.java.transport-5.0.0.6.jar:/Users/Kevin/Git/Kaazing/iot/cars/java/lib/javax.json-1.0.4.jar:/Users/Kevin/Git/Kaazing/iot/cars/java/lib/obd-java-api-0.8.jar:/Users/Kevin/Git/Kaazing/iot/cars/java/lib/RXTXcomm.jar
Launcher Type: SUN_STANDARD

Environment Variables:
PATH=/usr/bin:/bin:/usr/sbin:/sbin
SHELL=/bin/bash

Signal Handlers:
SIGSEGV: [libjvm.dylib+0x579dc7], sa_mask[0]=11111111011111110111111111111111, sa_flags=SA_ONSTACK|SA_RESTART|SA_SIGINFO
SIGBUS: [libjvm.dylib+0x579dc7], sa_mask[0]=11111111011111110111111111111111, sa_flags=SA_RESTART|SA_SIGINFO
SIGFPE: [libjvm.dylib+0x45b030], sa_mask[0]=11111111011111110111111111111111, sa_flags=SA_RESTART|SA_SIGINFO
SIGPIPE: [libjvm.dylib+0x45b030], sa_mask[0]=11111111011111110111111111111111, sa_flags=SA_RESTART|SA_SIGINFO
SIGXFSZ: [libjvm.dylib+0x45b030], sa_mask[0]=11111111011111110111111111111111, sa_flags=SA_RESTART|SA_SIGINFO
SIGILL: [libjvm.dylib+0x45b030], sa_mask[0]=11111111011111110111111111111111, sa_flags=SA_RESTART|SA_SIGINFO
SIGUSR1: SIG_DFL, sa_mask[0]=00000000000000000000000000000000, sa_flags=none
SIGUSR2: [libjvm.dylib+0x45ab4e], sa_mask[0]=00100000000000000000000000000000, sa_flags=SA_RESTART|SA_SIGINFO
SIGHUP: [libjvm.dylib+0x459121], sa_mask[0]=11111111011111110111111111111111, sa_flags=SA_RESTART|SA_SIGINFO
SIGINT: [libjvm.dylib+0x459121], sa_mask[0]=11111111011111110111111111111111, sa_flags=SA_RESTART|SA_SIGINFO
SIGTERM: [libjvm.dylib+0x459121], sa_mask[0]=11111111011111110111111111111111, sa_flags=SA_RESTART|SA_SIGINFO
SIGQUIT: [libjvm.dylib+0x459121], sa_mask[0]=11111111011111110111111111111111, sa_flags=SA_RESTART|SA_SIGINFO


---------------  S Y S T E M  ---------------

OS:Bsduname:Darwin 14.1.0 Darwin Kernel Version 14.1.0: Thu Feb 26 19:26:47 PST 2015; root:xnu-2782.10.73~1/RELEASE_X86_64 x86_64
rlimit: STACK 8192k, CORE 0k, NPROC 709, NOFILE 10240, AS infinity
load average:1.27 1.41 1.54

CPU:total 4 (2 cores per cpu, 2 threads per core) family 6 model 69 stepping 1, cmov, cx8, fxsr, mmx, sse, sse2, sse3, ssse3, sse4.1, sse4.2, popcnt, avx, avx2, aes, clmul, erms, lzcnt, ht, tsc, tscinvbit, bmi1, bmi2

Memory: 4k page, physical 16777216k(347928k free)

/proc/meminfo:


vm_info: Java HotSpot(TM) 64-Bit Server VM (25.25-b02) for bsd-amd64 JRE (1.8.0_25-b17), built on Sep 17 2014 16:56:50 by "java_re" with gcc 4.2.1 (Based on Apple Inc. build 5658) (LLVM build 2336.11.00)

time: Tue Mar 31 11:09:37 2015
elapsed time: 32 seconds (0d 0h 0m 32s)

